02-09 15:25:29 com_github_MitjaNemec_Archive3DModels.action_archive_3d_models 213:Plugin executed on: 'win32'
02-09 15:25:29 com_github_MitjaNemec_Archive3DModels.action_archive_3d_models 214:Plugin executed with python version: '3.9.6 (default, Sep 27 2021, 21:15:11) [MSC v.1929 64 bit (AMD64)]'
02-09 15:25:29 com_github_MitjaNemec_Archive3DModels.action_archive_3d_models 215:KiCad build version: (6.0.1)
02-09 15:25:29 com_github_MitjaNemec_Archive3DModels.action_archive_3d_models 216:Plugin version: 1.0.1

02-09 15:25:41 com_github_MitjaNemec_Archive3DModels.archive_3d_models 12:Starting to archive 3D models
02-09 15:25:41 com_github_MitjaNemec_Archive3DModels.archive_3d_models 33:Getting 3D models for footprint of: C7
02-09 15:25:41 com_github_MitjaNemec_Archive3DModels.archive_3d_models 44:Trying to copy: ${KICAD6_3DMODEL_DIR}/Capacitor_SMD.3dshapes/C_0402_1005Metric.wrl
02-09 15:25:41 com_github_MitjaNemec_Archive3DModels.archive_3d_models 103:Remapping: ${KICAD6_3DMODEL_DIR}/Capacitor_SMD.3dshapes/C_0402_1005Metric.wrl
02-09 15:25:41 com_github_MitjaNemec_Archive3DModels.archive_3d_models 33:Getting 3D models for footprint of: U3
02-09 15:25:41 com_github_MitjaNemec_Archive3DModels.archive_3d_models 44:Trying to copy: ${KICAD6_3DMODEL_DIR}/Package_DFN_QFN.3dshapes/QFN-56-1EP_7x7mm_P0.4mm_EP5.6x5.6mm.step
02-09 15:25:41 com_github_MitjaNemec_Archive3DModels.archive_3d_models 103:Remapping: ${KICAD6_3DMODEL_DIR}/Package_DFN_QFN.3dshapes/QFN-56-1EP_7x7mm_P0.4mm_EP5.6x5.6mm.step
02-09 15:25:41 com_github_MitjaNemec_Archive3DModels.archive_3d_models 33:Getting 3D models for footprint of: C9
02-09 15:25:41 com_github_MitjaNemec_Archive3DModels.archive_3d_models 44:Trying to copy: ${KICAD6_3DMODEL_DIR}/Capacitor_SMD.3dshapes/C_0402_1005Metric.wrl
02-09 15:25:41 com_github_MitjaNemec_Archive3DModels.archive_3d_models 103:Remapping: ${KICAD6_3DMODEL_DIR}/Capacitor_SMD.3dshapes/C_0402_1005Metric.wrl
02-09 15:25:41 com_github_MitjaNemec_Archive3DModels.archive_3d_models 33:Getting 3D models for footprint of: C1
02-09 15:25:41 com_github_MitjaNemec_Archive3DModels.archive_3d_models 44:Trying to copy: ${KICAD6_3DMODEL_DIR}/Capacitor_SMD.3dshapes/C_0402_1005Metric.wrl
02-09 15:25:41 com_github_MitjaNemec_Archive3DModels.archive_3d_models 103:Remapping: ${KICAD6_3DMODEL_DIR}/Capacitor_SMD.3dshapes/C_0402_1005Metric.wrl
02-09 15:25:41 com_github_MitjaNemec_Archive3DModels.archive_3d_models 33:Getting 3D models for footprint of: SW1
02-09 15:25:41 com_github_MitjaNemec_Archive3DModels.archive_3d_models 44:Trying to copy: C:/Users/Alberto/Documents/Kicad/ExpressLRS_HW_stuff/ELRS_lib/3d_lib/b3u-1000p.stp
02-09 15:25:41 com_github_MitjaNemec_Archive3DModels.archive_3d_models 103:Remapping: C:/Users/Alberto/Documents/Kicad/ExpressLRS_HW_stuff/ELRS_lib/3d_lib/b3u-1000p.stp
02-09 15:25:41 com_github_MitjaNemec_Archive3DModels.archive_3d_models 33:Getting 3D models for footprint of: R3
02-09 15:25:41 com_github_MitjaNemec_Archive3DModels.archive_3d_models 44:Trying to copy: ${KICAD6_3DMODEL_DIR}/Resistor_SMD.3dshapes/R_0402_1005Metric.wrl
02-09 15:25:41 com_github_MitjaNemec_Archive3DModels.archive_3d_models 103:Remapping: ${KICAD6_3DMODEL_DIR}/Resistor_SMD.3dshapes/R_0402_1005Metric.wrl
02-09 15:25:41 com_github_MitjaNemec_Archive3DModels.archive_3d_models 33:Getting 3D models for footprint of: C12
02-09 15:25:41 com_github_MitjaNemec_Archive3DModels.archive_3d_models 44:Trying to copy: ${KICAD6_3DMODEL_DIR}/Capacitor_SMD.3dshapes/C_0402_1005Metric.wrl
02-09 15:25:41 com_github_MitjaNemec_Archive3DModels.archive_3d_models 103:Remapping: ${KICAD6_3DMODEL_DIR}/Capacitor_SMD.3dshapes/C_0402_1005Metric.wrl
02-09 15:25:41 com_github_MitjaNemec_Archive3DModels.archive_3d_models 33:Getting 3D models for footprint of: C14
02-09 15:25:41 com_github_MitjaNemec_Archive3DModels.archive_3d_models 44:Trying to copy: ${KICAD6_3DMODEL_DIR}/Capacitor_SMD.3dshapes/C_0402_1005Metric.wrl
02-09 15:25:41 com_github_MitjaNemec_Archive3DModels.archive_3d_models 103:Remapping: ${KICAD6_3DMODEL_DIR}/Capacitor_SMD.3dshapes/C_0402_1005Metric.wrl
02-09 15:25:41 com_github_MitjaNemec_Archive3DModels.archive_3d_models 33:Getting 3D models for footprint of: C13
02-09 15:25:41 com_github_MitjaNemec_Archive3DModels.archive_3d_models 44:Trying to copy: ${KICAD6_3DMODEL_DIR}/Capacitor_SMD.3dshapes/C_0402_1005Metric.wrl
02-09 15:25:41 com_github_MitjaNemec_Archive3DModels.archive_3d_models 103:Remapping: ${KICAD6_3DMODEL_DIR}/Capacitor_SMD.3dshapes/C_0402_1005Metric.wrl
02-09 15:25:41 com_github_MitjaNemec_Archive3DModels.archive_3d_models 33:Getting 3D models for footprint of: C11
02-09 15:25:41 com_github_MitjaNemec_Archive3DModels.archive_3d_models 44:Trying to copy: ${KICAD6_3DMODEL_DIR}/Capacitor_SMD.3dshapes/C_0402_1005Metric.wrl
02-09 15:25:41 com_github_MitjaNemec_Archive3DModels.archive_3d_models 103:Remapping: ${KICAD6_3DMODEL_DIR}/Capacitor_SMD.3dshapes/C_0402_1005Metric.wrl
02-09 15:25:41 com_github_MitjaNemec_Archive3DModels.archive_3d_models 33:Getting 3D models for footprint of: C10
02-09 15:25:41 com_github_MitjaNemec_Archive3DModels.archive_3d_models 44:Trying to copy: ${KICAD6_3DMODEL_DIR}/Capacitor_SMD.3dshapes/C_0402_1005Metric.wrl
02-09 15:25:41 com_github_MitjaNemec_Archive3DModels.archive_3d_models 103:Remapping: ${KICAD6_3DMODEL_DIR}/Capacitor_SMD.3dshapes/C_0402_1005Metric.wrl
02-09 15:25:41 com_github_MitjaNemec_Archive3DModels.archive_3d_models 33:Getting 3D models for footprint of: R2
02-09 15:25:41 com_github_MitjaNemec_Archive3DModels.archive_3d_models 44:Trying to copy: ${KICAD6_3DMODEL_DIR}/Resistor_SMD.3dshapes/R_0402_1005Metric.wrl
02-09 15:25:41 com_github_MitjaNemec_Archive3DModels.archive_3d_models 103:Remapping: ${KICAD6_3DMODEL_DIR}/Resistor_SMD.3dshapes/R_0402_1005Metric.wrl
02-09 15:25:41 com_github_MitjaNemec_Archive3DModels.archive_3d_models 33:Getting 3D models for footprint of: J1
02-09 15:25:41 com_github_MitjaNemec_Archive3DModels.archive_3d_models 44:Trying to copy: C:/Users/Alberto/Documents/Kicad/KiCAD_Work/3D models/USB Type C Port (SMD Type).STEP
02-09 15:25:41 com_github_MitjaNemec_Archive3DModels.archive_3d_models 103:Remapping: C:/Users/Alberto/Documents/Kicad/KiCAD_Work/3D models/USB Type C Port (SMD Type).STEP
02-09 15:25:41 com_github_MitjaNemec_Archive3DModels.archive_3d_models 44:Trying to copy: ${KIPRJMOD}/packages3D/USB Type C Port (SMD Type).STEP
02-09 15:25:41 com_github_MitjaNemec_Archive3DModels.archive_3d_models 103:Remapping: ${KIPRJMOD}/packages3D/USB Type C Port (SMD Type).STEP
02-09 15:25:41 com_github_MitjaNemec_Archive3DModels.archive_3d_models 33:Getting 3D models for footprint of: R7
02-09 15:25:41 com_github_MitjaNemec_Archive3DModels.archive_3d_models 44:Trying to copy: ${KICAD6_3DMODEL_DIR}/Resistor_SMD.3dshapes/R_0402_1005Metric.wrl
02-09 15:25:41 com_github_MitjaNemec_Archive3DModels.archive_3d_models 103:Remapping: ${KICAD6_3DMODEL_DIR}/Resistor_SMD.3dshapes/R_0402_1005Metric.wrl
02-09 15:25:41 com_github_MitjaNemec_Archive3DModels.archive_3d_models 33:Getting 3D models for footprint of: U1
02-09 15:25:41 com_github_MitjaNemec_Archive3DModels.archive_3d_models 33:Getting 3D models for footprint of: C5
02-09 15:25:41 com_github_MitjaNemec_Archive3DModels.archive_3d_models 44:Trying to copy: ${KICAD6_3DMODEL_DIR}/Capacitor_SMD.3dshapes/C_0402_1005Metric.wrl
02-09 15:25:41 com_github_MitjaNemec_Archive3DModels.archive_3d_models 103:Remapping: ${KICAD6_3DMODEL_DIR}/Capacitor_SMD.3dshapes/C_0402_1005Metric.wrl
02-09 15:25:41 com_github_MitjaNemec_Archive3DModels.archive_3d_models 33:Getting 3D models for footprint of: C8
02-09 15:25:41 com_github_MitjaNemec_Archive3DModels.archive_3d_models 44:Trying to copy: ${KICAD6_3DMODEL_DIR}/Capacitor_SMD.3dshapes/C_0402_1005Metric.wrl
02-09 15:25:41 com_github_MitjaNemec_Archive3DModels.archive_3d_models 103:Remapping: ${KICAD6_3DMODEL_DIR}/Capacitor_SMD.3dshapes/C_0402_1005Metric.wrl
02-09 15:25:41 com_github_MitjaNemec_Archive3DModels.archive_3d_models 33:Getting 3D models for footprint of: J3
02-09 15:25:41 com_github_MitjaNemec_Archive3DModels.archive_3d_models 44:Trying to copy: ${KICAD6_3DMODEL_DIR}/Connector_PinHeader_2.54mm.3dshapes/PinHeader_2x10_P2.54mm_Vertical.wrl
02-09 15:25:41 com_github_MitjaNemec_Archive3DModels.archive_3d_models 103:Remapping: ${KICAD6_3DMODEL_DIR}/Connector_PinHeader_2.54mm.3dshapes/PinHeader_2x10_P2.54mm_Vertical.wrl
02-09 15:25:41 com_github_MitjaNemec_Archive3DModels.archive_3d_models 33:Getting 3D models for footprint of: Y1
02-09 15:25:41 com_github_MitjaNemec_Archive3DModels.archive_3d_models 44:Trying to copy: ${KIPRJMOD}/libs/3d/2520 SMD Crystal Oscillator.STEP
02-09 15:25:41 com_github_MitjaNemec_Archive3DModels.archive_3d_models 103:Remapping: ${KIPRJMOD}/libs/3d/2520 SMD Crystal Oscillator.STEP
02-09 15:25:41 com_github_MitjaNemec_Archive3DModels.archive_3d_models 33:Getting 3D models for footprint of: J4
02-09 15:25:41 com_github_MitjaNemec_Archive3DModels.archive_3d_models 33:Getting 3D models for footprint of: R5
02-09 15:25:41 com_github_MitjaNemec_Archive3DModels.archive_3d_models 44:Trying to copy: ${KICAD6_3DMODEL_DIR}/Resistor_SMD.3dshapes/R_0402_1005Metric.wrl
02-09 15:25:41 com_github_MitjaNemec_Archive3DModels.archive_3d_models 103:Remapping: ${KICAD6_3DMODEL_DIR}/Resistor_SMD.3dshapes/R_0402_1005Metric.wrl
02-09 15:25:41 com_github_MitjaNemec_Archive3DModels.archive_3d_models 33:Getting 3D models for footprint of: R1
02-09 15:25:41 com_github_MitjaNemec_Archive3DModels.archive_3d_models 44:Trying to copy: ${KICAD6_3DMODEL_DIR}/Resistor_SMD.3dshapes/R_0402_1005Metric.wrl
02-09 15:25:41 com_github_MitjaNemec_Archive3DModels.archive_3d_models 103:Remapping: ${KICAD6_3DMODEL_DIR}/Resistor_SMD.3dshapes/R_0402_1005Metric.wrl
02-09 15:25:41 com_github_MitjaNemec_Archive3DModels.archive_3d_models 33:Getting 3D models for footprint of: kibuzzard-6203A47E
02-09 15:25:41 com_github_MitjaNemec_Archive3DModels.archive_3d_models 33:Getting 3D models for footprint of: R6
02-09 15:25:41 com_github_MitjaNemec_Archive3DModels.archive_3d_models 44:Trying to copy: ${KICAD6_3DMODEL_DIR}/Resistor_SMD.3dshapes/R_0402_1005Metric.wrl
02-09 15:25:41 com_github_MitjaNemec_Archive3DModels.archive_3d_models 103:Remapping: ${KICAD6_3DMODEL_DIR}/Resistor_SMD.3dshapes/R_0402_1005Metric.wrl
02-09 15:25:41 com_github_MitjaNemec_Archive3DModels.archive_3d_models 33:Getting 3D models for footprint of: SW2
02-09 15:25:41 com_github_MitjaNemec_Archive3DModels.archive_3d_models 44:Trying to copy: C:/Users/Alberto/Documents/Kicad/ExpressLRS_HW_stuff/ELRS_lib/3d_lib/b3u-1000p.stp
02-09 15:25:41 com_github_MitjaNemec_Archive3DModels.archive_3d_models 103:Remapping: C:/Users/Alberto/Documents/Kicad/ExpressLRS_HW_stuff/ELRS_lib/3d_lib/b3u-1000p.stp
02-09 15:25:41 com_github_MitjaNemec_Archive3DModels.archive_3d_models 33:Getting 3D models for footprint of: J2
02-09 15:25:41 com_github_MitjaNemec_Archive3DModels.archive_3d_models 44:Trying to copy: ${KICAD6_3DMODEL_DIR}/Connector_PinHeader_2.54mm.3dshapes/PinHeader_2x10_P2.54mm_Vertical.wrl
02-09 15:25:41 com_github_MitjaNemec_Archive3DModels.archive_3d_models 103:Remapping: ${KICAD6_3DMODEL_DIR}/Connector_PinHeader_2.54mm.3dshapes/PinHeader_2x10_P2.54mm_Vertical.wrl
02-09 15:25:41 com_github_MitjaNemec_Archive3DModels.archive_3d_models 33:Getting 3D models for footprint of: C4
02-09 15:25:41 com_github_MitjaNemec_Archive3DModels.archive_3d_models 44:Trying to copy: ${KICAD6_3DMODEL_DIR}/Capacitor_SMD.3dshapes/C_0402_1005Metric.wrl
02-09 15:25:41 com_github_MitjaNemec_Archive3DModels.archive_3d_models 103:Remapping: ${KICAD6_3DMODEL_DIR}/Capacitor_SMD.3dshapes/C_0402_1005Metric.wrl
02-09 15:25:41 com_github_MitjaNemec_Archive3DModels.archive_3d_models 33:Getting 3D models for footprint of: C16
02-09 15:25:41 com_github_MitjaNemec_Archive3DModels.archive_3d_models 44:Trying to copy: ${KICAD6_3DMODEL_DIR}/Capacitor_SMD.3dshapes/C_0402_1005Metric.wrl
02-09 15:25:41 com_github_MitjaNemec_Archive3DModels.archive_3d_models 103:Remapping: ${KICAD6_3DMODEL_DIR}/Capacitor_SMD.3dshapes/C_0402_1005Metric.wrl
02-09 15:25:41 com_github_MitjaNemec_Archive3DModels.archive_3d_models 33:Getting 3D models for footprint of: R4
02-09 15:25:41 com_github_MitjaNemec_Archive3DModels.archive_3d_models 44:Trying to copy: ${KICAD6_3DMODEL_DIR}/Resistor_SMD.3dshapes/R_0402_1005Metric.wrl
02-09 15:25:41 com_github_MitjaNemec_Archive3DModels.archive_3d_models 103:Remapping: ${KICAD6_3DMODEL_DIR}/Resistor_SMD.3dshapes/R_0402_1005Metric.wrl
02-09 15:25:41 com_github_MitjaNemec_Archive3DModels.archive_3d_models 33:Getting 3D models for footprint of: C15
02-09 15:25:41 com_github_MitjaNemec_Archive3DModels.archive_3d_models 44:Trying to copy: ${KICAD6_3DMODEL_DIR}/Capacitor_SMD.3dshapes/C_0402_1005Metric.wrl
02-09 15:25:41 com_github_MitjaNemec_Archive3DModels.archive_3d_models 103:Remapping: ${KICAD6_3DMODEL_DIR}/Capacitor_SMD.3dshapes/C_0402_1005Metric.wrl
02-09 15:25:41 com_github_MitjaNemec_Archive3DModels.archive_3d_models 33:Getting 3D models for footprint of: C6
02-09 15:25:41 com_github_MitjaNemec_Archive3DModels.archive_3d_models 44:Trying to copy: ${KICAD6_3DMODEL_DIR}/Capacitor_SMD.3dshapes/C_0402_1005Metric.wrl
02-09 15:25:41 com_github_MitjaNemec_Archive3DModels.archive_3d_models 103:Remapping: ${KICAD6_3DMODEL_DIR}/Capacitor_SMD.3dshapes/C_0402_1005Metric.wrl
02-09 15:25:41 com_github_MitjaNemec_Archive3DModels.archive_3d_models 33:Getting 3D models for footprint of: R8
02-09 15:25:41 com_github_MitjaNemec_Archive3DModels.archive_3d_models 44:Trying to copy: ${KICAD6_3DMODEL_DIR}/Resistor_SMD.3dshapes/R_0402_1005Metric.wrl
02-09 15:25:41 com_github_MitjaNemec_Archive3DModels.archive_3d_models 103:Remapping: ${KICAD6_3DMODEL_DIR}/Resistor_SMD.3dshapes/R_0402_1005Metric.wrl
02-09 15:25:41 com_github_MitjaNemec_Archive3DModels.archive_3d_models 33:Getting 3D models for footprint of: kibuzzard-6203A46A
02-09 15:25:41 com_github_MitjaNemec_Archive3DModels.archive_3d_models 33:Getting 3D models for footprint of: C3
02-09 15:25:41 com_github_MitjaNemec_Archive3DModels.archive_3d_models 44:Trying to copy: ${KICAD6_3DMODEL_DIR}/Capacitor_SMD.3dshapes/C_0603_1608Metric.wrl
02-09 15:25:41 com_github_MitjaNemec_Archive3DModels.archive_3d_models 103:Remapping: ${KICAD6_3DMODEL_DIR}/Capacitor_SMD.3dshapes/C_0603_1608Metric.wrl
02-09 15:25:41 com_github_MitjaNemec_Archive3DModels.archive_3d_models 33:Getting 3D models for footprint of: C2
02-09 15:25:41 com_github_MitjaNemec_Archive3DModels.archive_3d_models 44:Trying to copy: ${KICAD6_3DMODEL_DIR}/Capacitor_SMD.3dshapes/C_0603_1608Metric.wrl
02-09 15:25:41 com_github_MitjaNemec_Archive3DModels.archive_3d_models 103:Remapping: ${KICAD6_3DMODEL_DIR}/Capacitor_SMD.3dshapes/C_0603_1608Metric.wrl
02-09 15:25:41 com_github_MitjaNemec_Archive3DModels.archive_3d_models 33:Getting 3D models for footprint of: U2
02-09 15:25:41 com_github_MitjaNemec_Archive3DModels.archive_3d_models 44:Trying to copy: ${KICAD6_3DMODEL_DIR}/Package_TO_SOT_SMD.3dshapes/SOT-223.wrl
02-09 15:25:41 com_github_MitjaNemec_Archive3DModels.archive_3d_models 103:Remapping: ${KICAD6_3DMODEL_DIR}/Package_TO_SOT_SMD.3dshapes/SOT-223.wrl
